2025-04-02 14:20:08,376 - INFO - Loaded model from F:\AFL\javaVulnerability\Achilles\data\java\checkpoints\CWE113_HTTP_Response_Splitting.h5
2025-04-02 14:20:09,348 - INFO - Loaded model from F:\AFL\javaVulnerability\Achilles\data\java\checkpoints\CWE129_Improper_Validation_of_Array_Index.h5
2025-04-02 14:20:10,459 - INFO - Loaded model from F:\AFL\javaVulnerability\Achilles\data\java\checkpoints\CWE134_Uncontrolled_Format_String.h5
2025-04-02 14:22:00,300 - INFO - Loaded model from F:\AFL\javaVulnerability\Achilles\data\java\checkpoints\CWE113_HTTP_Response_Splitting.h5
2025-04-02 14:22:00,320 - INFO - Recompiled model with loss=binary_crossentropy and metrics=['accuracy']
2025-04-02 14:22:00,799 - INFO - Continuing training F:\AFL\javaVulnerability\Achilles\data\java\checkpoints\CWE113_HTTP_Response_Splitting.h5 for 20 epochs...
2025-04-02 14:22:07,085 - INFO - Loaded model from F:\AFL\javaVulnerability\Achilles\data\java\checkpoints\CWE129_Improper_Validation_of_Array_Index.h5
2025-04-02 14:22:07,104 - INFO - Recompiled model with loss=binary_crossentropy and metrics=['accuracy']
2025-04-02 14:22:08,081 - INFO - Continuing training F:\AFL\javaVulnerability\Achilles\data\java\checkpoints\CWE129_Improper_Validation_of_Array_Index.h5 for 20 epochs...
2025-04-02 14:32:57,627 - INFO - Loaded model from F:\AFL\javaVulnerability\Achilles\data\java\checkpoints\CWE113_HTTP_Response_Splitting.h5
2025-04-02 14:32:57,646 - INFO - Recompiled model with loss=binary_crossentropy and metrics=['accuracy']
2025-04-02 14:32:58,131 - INFO - Continuing training F:\AFL\javaVulnerability\Achilles\data\java\checkpoints\CWE113_HTTP_Response_Splitting.h5 for 1 epochs...
2025-04-02 14:33:04,346 - INFO - Loaded model from F:\AFL\javaVulnerability\Achilles\data\java\checkpoints\CWE129_Improper_Validation_of_Array_Index.h5
2025-04-02 14:33:04,365 - INFO - Recompiled model with loss=binary_crossentropy and metrics=['accuracy']
2025-04-02 14:33:05,318 - INFO - Continuing training F:\AFL\javaVulnerability\Achilles\data\java\checkpoints\CWE129_Improper_Validation_of_Array_Index.h5 for 1 epochs...
2025-04-02 14:33:15,752 - INFO - Loaded model from F:\AFL\javaVulnerability\Achilles\data\java\checkpoints\CWE113_HTTP_Response_Splitting.h5
2025-04-02 14:33:15,771 - INFO - Recompiled model with loss=binary_crossentropy and metrics=['accuracy']
2025-04-02 14:33:16,246 - INFO - Continuing training F:\AFL\javaVulnerability\Achilles\data\java\checkpoints\CWE113_HTTP_Response_Splitting.h5 for 1 epochs...
2025-04-02 14:33:22,274 - INFO - Loaded model from F:\AFL\javaVulnerability\Achilles\data\java\checkpoints\CWE129_Improper_Validation_of_Array_Index.h5
2025-04-02 14:33:22,293 - INFO - Recompiled model with loss=binary_crossentropy and metrics=['accuracy']
2025-04-02 14:33:23,239 - INFO - Continuing training F:\AFL\javaVulnerability\Achilles\data\java\checkpoints\CWE129_Improper_Validation_of_Array_Index.h5 for 1 epochs...
2025-04-02 14:34:15,385 - INFO - Loaded model from F:\AFL\javaVulnerability\Achilles\data\java\checkpoints\CWE113_HTTP_Response_Splitting.h5
2025-04-02 14:34:15,403 - INFO - Recompiled model with loss=binary_crossentropy and metrics=['accuracy']
2025-04-02 14:34:15,864 - INFO - Continuing training F:\AFL\javaVulnerability\Achilles\data\java\checkpoints\CWE113_HTTP_Response_Splitting.h5 for 20 epochs...
2025-04-02 14:34:20,989 - INFO - Epoch 1/20 - Loss: 0.8043, Accuracy: 0.7632, Val_Loss: 0.4840, Val_Accuracy: 0.7447
2025-04-02 14:34:24,968 - INFO - Epoch 2/20 - Loss: 0.3516, Accuracy: 0.8187, Val_Loss: 0.2350, Val_Accuracy: 0.8974
2025-04-02 14:34:28,922 - INFO - Epoch 3/20 - Loss: 0.2309, Accuracy: 0.8940, Val_Loss: 0.1829, Val_Accuracy: 0.9151
2025-04-02 14:34:32,893 - INFO - Epoch 4/20 - Loss: 0.2017, Accuracy: 0.9095, Val_Loss: 0.1718, Val_Accuracy: 0.9164
2025-04-02 14:34:36,855 - INFO - Epoch 5/20 - Loss: 0.1675, Accuracy: 0.9222, Val_Loss: 0.1238, Val_Accuracy: 0.9322
2025-04-02 14:34:40,824 - INFO - Epoch 6/20 - Loss: 0.1289, Accuracy: 0.9278, Val_Loss: 0.1018, Val_Accuracy: 0.9342
2025-04-02 14:34:44,735 - INFO - Epoch 7/20 - Loss: 0.0988, Accuracy: 0.9353, Val_Loss: 0.0949, Val_Accuracy: 0.9414
2025-04-02 14:34:48,646 - INFO - Epoch 8/20 - Loss: 0.1003, Accuracy: 0.9322, Val_Loss: 0.0905, Val_Accuracy: 0.9382
2025-04-02 14:34:52,544 - INFO - Epoch 9/20 - Loss: 0.1136, Accuracy: 0.9411, Val_Loss: 0.0953, Val_Accuracy: 0.9263
2025-04-02 14:34:56,400 - INFO - Epoch 10/20 - Loss: 0.0953, Accuracy: 0.9378, Val_Loss: 0.0918, Val_Accuracy: 0.9276
2025-04-02 14:35:00,449 - INFO - Epoch 11/20 - Loss: 0.0941, Accuracy: 0.9396, Val_Loss: 0.0912, Val_Accuracy: 0.9270
2025-04-02 14:35:04,565 - INFO - Epoch 12/20 - Loss: 0.0906, Accuracy: 0.9378, Val_Loss: 0.0906, Val_Accuracy: 0.9276
2025-04-02 14:35:08,648 - INFO - Epoch 13/20 - Loss: 0.0915, Accuracy: 0.9330, Val_Loss: 0.0897, Val_Accuracy: 0.9336
2025-04-02 14:35:12,619 - INFO - Epoch 14/20 - Loss: 0.0892, Accuracy: 0.9393, Val_Loss: 0.0939, Val_Accuracy: 0.9303
2025-04-02 14:35:16,570 - INFO - Epoch 15/20 - Loss: 0.0951, Accuracy: 0.9376, Val_Loss: 0.0904, Val_Accuracy: 0.9296
2025-04-02 14:35:20,559 - INFO - Epoch 16/20 - Loss: 0.0894, Accuracy: 0.9398, Val_Loss: 0.0901, Val_Accuracy: 0.9283
2025-04-02 14:35:24,558 - INFO - Epoch 17/20 - Loss: 0.0904, Accuracy: 0.9348, Val_Loss: 0.0905, Val_Accuracy: 0.9316
2025-04-02 14:35:28,559 - INFO - Epoch 18/20 - Loss: 0.0901, Accuracy: 0.9368, Val_Loss: 0.0909, Val_Accuracy: 0.9263
2025-04-02 14:35:28,796 - INFO - Test set
  Loss: 0.076
  Accuracy: 0.941

2025-04-02 14:35:28,936 - INFO - Updated model saved to F:\AFL\javaVulnerability\Achilles\data\java\checkpoints\CWE113_HTTP_Response_Splitting.h5
2025-04-02 14:35:30,125 - INFO - Loaded model from F:\AFL\javaVulnerability\Achilles\data\java\checkpoints\CWE129_Improper_Validation_of_Array_Index.h5
2025-04-02 14:35:30,144 - INFO - Recompiled model with loss=binary_crossentropy and metrics=['accuracy']
2025-04-02 14:35:31,131 - INFO - Continuing training F:\AFL\javaVulnerability\Achilles\data\java\checkpoints\CWE129_Improper_Validation_of_Array_Index.h5 for 20 epochs...
2025-04-02 14:35:41,884 - INFO - Epoch 1/20 - Loss: 0.3107, Accuracy: 0.8678, Val_Loss: 0.8610, Val_Accuracy: 0.8467
2025-04-02 14:35:51,911 - INFO - Epoch 2/20 - Loss: 0.2326, Accuracy: 0.8906, Val_Loss: 0.1844, Val_Accuracy: 0.9050
2025-04-02 14:36:01,893 - INFO - Epoch 3/20 - Loss: 0.1597, Accuracy: 0.9141, Val_Loss: 0.1967, Val_Accuracy: 0.9014
2025-04-02 14:36:11,765 - INFO - Epoch 4/20 - Loss: 0.1458, Accuracy: 0.9192, Val_Loss: 0.1286, Val_Accuracy: 0.9212
2025-04-02 14:36:21,703 - INFO - Epoch 5/20 - Loss: 0.1416, Accuracy: 0.9224, Val_Loss: 0.1244, Val_Accuracy: 0.9196
2025-04-02 14:36:31,712 - INFO - Epoch 6/20 - Loss: 0.1422, Accuracy: 0.9229, Val_Loss: 0.1289, Val_Accuracy: 0.9173
2025-04-02 14:36:41,905 - INFO - Epoch 7/20 - Loss: 0.1273, Accuracy: 0.9235, Val_Loss: 0.1197, Val_Accuracy: 0.9287
2025-04-02 14:36:52,158 - INFO - Epoch 8/20 - Loss: 0.1551, Accuracy: 0.9209, Val_Loss: 0.1227, Val_Accuracy: 0.9232
2025-04-02 14:37:02,162 - INFO - Epoch 9/20 - Loss: 0.1322, Accuracy: 0.9252, Val_Loss: 0.1125, Val_Accuracy: 0.9258
2025-04-02 14:37:12,173 - INFO - Epoch 10/20 - Loss: 0.1205, Accuracy: 0.9278, Val_Loss: 0.1218, Val_Accuracy: 0.9271
2025-04-02 14:37:22,543 - INFO - Epoch 11/20 - Loss: 0.1220, Accuracy: 0.9293, Val_Loss: 0.1128, Val_Accuracy: 0.9232
2025-04-02 14:37:32,746 - INFO - Epoch 12/20 - Loss: 0.2149, Accuracy: 0.8996, Val_Loss: 0.2645, Val_Accuracy: 0.8920
2025-04-02 14:37:42,904 - INFO - Epoch 13/20 - Loss: 0.1419, Accuracy: 0.9212, Val_Loss: 0.1264, Val_Accuracy: 0.9317
2025-04-02 14:37:53,303 - INFO - Epoch 14/20 - Loss: 0.1515, Accuracy: 0.9178, Val_Loss: 0.4471, Val_Accuracy: 0.8741
2025-04-02 14:37:53,780 - INFO - Test set
  Loss: 0.480
  Accuracy: 0.861

2025-04-02 14:37:54,001 - INFO - Updated model saved to F:\AFL\javaVulnerability\Achilles\data\java\checkpoints\CWE129_Improper_Validation_of_Array_Index.h5
2025-04-02 14:37:55,420 - INFO - Loaded model from F:\AFL\javaVulnerability\Achilles\data\java\checkpoints\CWE134_Uncontrolled_Format_String.h5
2025-04-02 14:37:55,439 - INFO - Recompiled model with loss=binary_crossentropy and metrics=['accuracy']
2025-04-02 14:37:55,649 - INFO - Continuing training F:\AFL\javaVulnerability\Achilles\data\java\checkpoints\CWE134_Uncontrolled_Format_String.h5 for 20 epochs...
2025-04-02 14:37:59,856 - INFO - Epoch 1/20 - Loss: 0.1965, Accuracy: 0.8991, Val_Loss: 0.1874, Val_Accuracy: 0.9071
2025-04-02 14:38:02,704 - INFO - Epoch 2/20 - Loss: 0.1513, Accuracy: 0.9216, Val_Loss: 0.2430, Val_Accuracy: 0.8937
2025-04-02 14:38:05,985 - INFO - Epoch 3/20 - Loss: 0.3044, Accuracy: 0.9095, Val_Loss: 0.1906, Val_Accuracy: 0.9017
2025-04-02 14:38:10,646 - INFO - Epoch 4/20 - Loss: 0.1377, Accuracy: 0.9280, Val_Loss: 0.1612, Val_Accuracy: 0.9071
2025-04-02 14:38:15,591 - INFO - Epoch 5/20 - Loss: 0.1379, Accuracy: 0.9280, Val_Loss: 0.1568, Val_Accuracy: 0.9098
2025-04-02 14:38:20,663 - INFO - Epoch 6/20 - Loss: 0.1246, Accuracy: 0.9347, Val_Loss: 0.2058, Val_Accuracy: 0.9098
2025-04-02 14:38:25,247 - INFO - Epoch 7/20 - Loss: 0.1215, Accuracy: 0.9357, Val_Loss: 0.1452, Val_Accuracy: 0.9192
2025-04-02 14:38:29,607 - INFO - Epoch 8/20 - Loss: 0.1157, Accuracy: 0.9344, Val_Loss: 0.2089, Val_Accuracy: 0.9058
2025-04-02 14:38:33,901 - INFO - Epoch 9/20 - Loss: 0.1310, Accuracy: 0.9378, Val_Loss: 0.1447, Val_Accuracy: 0.9219
2025-04-02 14:38:38,237 - INFO - Epoch 10/20 - Loss: 0.1030, Accuracy: 0.9404, Val_Loss: 0.1696, Val_Accuracy: 0.9166
2025-04-02 14:38:42,425 - INFO - Epoch 11/20 - Loss: 0.1010, Accuracy: 0.9404, Val_Loss: 0.1208, Val_Accuracy: 0.9246
2025-04-02 14:38:46,669 - INFO - Epoch 12/20 - Loss: 0.0964, Accuracy: 0.9445, Val_Loss: 0.1313, Val_Accuracy: 0.9179
2025-04-02 14:38:50,981 - INFO - Epoch 13/20 - Loss: 0.0913, Accuracy: 0.9428, Val_Loss: 0.1667, Val_Accuracy: 0.9233
2025-04-02 14:38:55,339 - INFO - Epoch 14/20 - Loss: 0.0901, Accuracy: 0.9431, Val_Loss: 0.1138, Val_Accuracy: 0.9314
2025-04-02 14:38:59,655 - INFO - Epoch 15/20 - Loss: 0.0957, Accuracy: 0.9428, Val_Loss: 0.1169, Val_Accuracy: 0.9206
2025-04-02 14:39:04,105 - INFO - Epoch 16/20 - Loss: 0.0917, Accuracy: 0.9515, Val_Loss: 0.1426, Val_Accuracy: 0.9179
2025-04-02 14:39:08,114 - INFO - Epoch 17/20 - Loss: 0.0848, Accuracy: 0.9482, Val_Loss: 0.1123, Val_Accuracy: 0.9152
2025-04-02 14:39:12,179 - INFO - Epoch 18/20 - Loss: 0.0835, Accuracy: 0.9515, Val_Loss: 0.1711, Val_Accuracy: 0.9273
2025-04-02 14:39:16,285 - INFO - Epoch 19/20 - Loss: 0.1591, Accuracy: 0.9458, Val_Loss: 0.1354, Val_Accuracy: 0.9179
2025-04-02 14:39:20,412 - INFO - Epoch 20/20 - Loss: 0.0782, Accuracy: 0.9505, Val_Loss: 0.1139, Val_Accuracy: 0.9125
2025-04-02 14:39:20,555 - INFO - Test set
  Loss: 0.096
  Accuracy: 0.930

2025-04-02 14:39:20,887 - INFO - Updated model saved to F:\AFL\javaVulnerability\Achilles\data\java\checkpoints\CWE134_Uncontrolled_Format_String.h5
2025-04-02 14:39:22,747 - INFO - Loaded model from F:\AFL\javaVulnerability\Achilles\data\java\checkpoints\CWE15_External_Control_of_System_or_Configuration_Setting.h5
2025-04-02 14:39:22,765 - INFO - Recompiled model with loss=binary_crossentropy and metrics=['accuracy']
2025-04-02 14:39:22,958 - INFO - Continuing training F:\AFL\javaVulnerability\Achilles\data\java\checkpoints\CWE15_External_Control_of_System_or_Configuration_Setting.h5 for 20 epochs...
2025-04-02 14:39:26,109 - INFO - Epoch 1/20 - Loss: 0.3258, Accuracy: 0.8624, Val_Loss: 0.4420, Val_Accuracy: 0.8403
2025-04-02 14:39:27,742 - INFO - Epoch 2/20 - Loss: 0.2989, Accuracy: 0.8715, Val_Loss: 0.2998, Val_Accuracy: 0.8627
2025-04-02 14:39:29,394 - INFO - Epoch 3/20 - Loss: 0.2176, Accuracy: 0.9108, Val_Loss: 0.2626, Val_Accuracy: 0.8852
2025-04-02 14:39:30,894 - INFO - Epoch 4/20 - Loss: 0.2688, Accuracy: 0.8883, Val_Loss: 0.3762, Val_Accuracy: 0.8852
2025-04-02 14:39:32,402 - INFO - Epoch 5/20 - Loss: 0.2184, Accuracy: 0.9143, Val_Loss: 0.2152, Val_Accuracy: 0.9244
2025-04-02 14:39:34,046 - INFO - Epoch 6/20 - Loss: 0.1990, Accuracy: 0.9164, Val_Loss: 0.1789, Val_Accuracy: 0.9104
2025-04-02 14:39:35,672 - INFO - Epoch 7/20 - Loss: 0.1613, Accuracy: 0.9305, Val_Loss: 0.1484, Val_Accuracy: 0.9384
2025-04-02 14:39:37,712 - INFO - Epoch 8/20 - Loss: 0.1671, Accuracy: 0.9277, Val_Loss: 0.1988, Val_Accuracy: 0.9412
2025-04-02 14:39:39,614 - INFO - Epoch 9/20 - Loss: 0.1723, Accuracy: 0.9185, Val_Loss: 0.2043, Val_Accuracy: 0.8964
2025-04-02 14:39:41,599 - INFO - Epoch 10/20 - Loss: 0.1596, Accuracy: 0.9263, Val_Loss: 0.1587, Val_Accuracy: 0.9328
2025-04-02 14:39:43,700 - INFO - Epoch 11/20 - Loss: 0.1559, Accuracy: 0.9368, Val_Loss: 0.2922, Val_Accuracy: 0.8768
2025-04-02 14:39:45,880 - INFO - Epoch 12/20 - Loss: 0.1510, Accuracy: 0.9284, Val_Loss: 0.1860, Val_Accuracy: 0.9076
2025-04-02 14:39:45,959 - INFO - Test set
  Loss: 0.145
  Accuracy: 0.929

2025-04-02 14:39:46,394 - INFO - Updated model saved to F:\AFL\javaVulnerability\Achilles\data\java\checkpoints\CWE15_External_Control_of_System_or_Configuration_Setting.h5
2025-04-02 14:39:48,627 - INFO - Loaded model from F:\AFL\javaVulnerability\Achilles\data\java\checkpoints\CWE190_Integer_Overflow.h5
2025-04-02 14:39:48,649 - INFO - Recompiled model with loss=binary_crossentropy and metrics=['accuracy']
2025-04-02 14:39:50,355 - INFO - Continuing training F:\AFL\javaVulnerability\Achilles\data\java\checkpoints\CWE190_Integer_Overflow.h5 for 20 epochs...
2025-04-02 14:40:23,580 - INFO - Epoch 1/20 - Loss: 0.1246, Accuracy: 0.9224, Val_Loss: 0.1071, Val_Accuracy: 0.9253
2025-04-02 14:40:52,923 - INFO - Epoch 2/20 - Loss: 0.1132, Accuracy: 0.9307, Val_Loss: 0.1460, Val_Accuracy: 0.9295
2025-04-02 14:41:21,578 - INFO - Epoch 3/20 - Loss: 0.1021, Accuracy: 0.9359, Val_Loss: 0.1381, Val_Accuracy: 0.9279
2025-04-02 14:41:50,342 - INFO - Epoch 4/20 - Loss: 0.1000, Accuracy: 0.9376, Val_Loss: 0.0961, Val_Accuracy: 0.9333
2025-04-02 14:42:20,290 - INFO - Epoch 5/20 - Loss: 0.0997, Accuracy: 0.9386, Val_Loss: 0.0950, Val_Accuracy: 0.9345
2025-04-02 14:42:51,331 - INFO - Epoch 6/20 - Loss: 0.0940, Accuracy: 0.9372, Val_Loss: 0.0957, Val_Accuracy: 0.9313
2025-04-02 14:43:20,113 - INFO - Epoch 7/20 - Loss: 0.1231, Accuracy: 0.9318, Val_Loss: 0.1667, Val_Accuracy: 0.9301
2025-04-02 14:43:48,757 - INFO - Epoch 8/20 - Loss: 0.1000, Accuracy: 0.9357, Val_Loss: 0.0969, Val_Accuracy: 0.9315
2025-04-02 14:44:17,426 - INFO - Epoch 9/20 - Loss: 0.0924, Accuracy: 0.9390, Val_Loss: 0.0907, Val_Accuracy: 0.9327
2025-04-02 14:44:46,514 - INFO - Epoch 10/20 - Loss: 0.0883, Accuracy: 0.9380, Val_Loss: 0.0912, Val_Accuracy: 0.9345
2025-04-02 14:45:15,786 - INFO - Epoch 11/20 - Loss: 0.0869, Accuracy: 0.9377, Val_Loss: 0.0907, Val_Accuracy: 0.9335
2025-04-02 14:45:45,007 - INFO - Epoch 12/20 - Loss: 0.0887, Accuracy: 0.9376, Val_Loss: 0.0906, Val_Accuracy: 0.9353
2025-04-02 14:46:14,239 - INFO - Epoch 13/20 - Loss: 0.0876, Accuracy: 0.9375, Val_Loss: 0.0909, Val_Accuracy: 0.9323
2025-04-02 14:46:45,191 - INFO - Epoch 14/20 - Loss: 0.0907, Accuracy: 0.9409, Val_Loss: 0.0913, Val_Accuracy: 0.9345
2025-04-02 14:47:14,961 - INFO - Epoch 15/20 - Loss: 0.1090, Accuracy: 0.9344, Val_Loss: 0.1001, Val_Accuracy: 0.9309
2025-04-02 14:47:44,266 - INFO - Epoch 16/20 - Loss: 0.0924, Accuracy: 0.9374, Val_Loss: 0.0907, Val_Accuracy: 0.9333
2025-04-02 14:48:13,164 - INFO - Epoch 17/20 - Loss: 0.0885, Accuracy: 0.9393, Val_Loss: 0.0905, Val_Accuracy: 0.9315
2025-04-02 14:48:13,966 - INFO - Test set
  Loss: 0.081
  Accuracy: 0.936

2025-04-02 14:48:14,493 - INFO - Updated model saved to F:\AFL\javaVulnerability\Achilles\data\java\checkpoints\CWE190_Integer_Overflow.h5
2025-04-02 14:48:16,899 - INFO - Loaded model from F:\AFL\javaVulnerability\Achilles\data\java\checkpoints\CWE191_Integer_Underflow.h5
2025-04-02 14:48:16,919 - INFO - Recompiled model with loss=binary_crossentropy and metrics=['accuracy']
2025-04-02 14:48:18,078 - INFO - Continuing training F:\AFL\javaVulnerability\Achilles\data\java\checkpoints\CWE191_Integer_Underflow.h5 for 20 epochs...
2025-04-02 14:48:44,448 - INFO - Epoch 1/20 - Loss: 0.1782, Accuracy: 0.9086, Val_Loss: 0.1374, Val_Accuracy: 0.9139
2025-04-02 14:49:09,190 - INFO - Epoch 2/20 - Loss: 0.1194, Accuracy: 0.9266, Val_Loss: 0.1047, Val_Accuracy: 0.9333
2025-04-02 14:49:33,731 - INFO - Epoch 3/20 - Loss: 0.1014, Accuracy: 0.9363, Val_Loss: 0.0941, Val_Accuracy: 0.9373
2025-04-02 14:49:58,655 - INFO - Epoch 4/20 - Loss: 0.0988, Accuracy: 0.9364, Val_Loss: 0.1227, Val_Accuracy: 0.9368
2025-04-02 14:50:23,834 - INFO - Epoch 5/20 - Loss: 0.0889, Accuracy: 0.9399, Val_Loss: 0.0916, Val_Accuracy: 0.9326
2025-04-02 14:50:48,583 - INFO - Epoch 6/20 - Loss: 0.0900, Accuracy: 0.9406, Val_Loss: 0.0888, Val_Accuracy: 0.9316
2025-04-02 14:51:13,650 - INFO - Epoch 7/20 - Loss: 0.1294, Accuracy: 0.9384, Val_Loss: 0.0900, Val_Accuracy: 0.9353
2025-04-02 14:51:38,608 - INFO - Epoch 8/20 - Loss: 0.0889, Accuracy: 0.9414, Val_Loss: 0.0885, Val_Accuracy: 0.9326
2025-04-02 14:52:03,799 - INFO - Epoch 9/20 - Loss: 0.0903, Accuracy: 0.9405, Val_Loss: 0.0891, Val_Accuracy: 0.9348
2025-04-02 14:52:31,911 - INFO - Epoch 10/20 - Loss: 0.0872, Accuracy: 0.9405, Val_Loss: 0.1844, Val_Accuracy: 0.9386
2025-04-02 14:53:00,218 - INFO - Epoch 11/20 - Loss: 0.0880, Accuracy: 0.9397, Val_Loss: 0.1557, Val_Accuracy: 0.9309
2025-04-02 14:53:28,298 - INFO - Epoch 12/20 - Loss: 0.0882, Accuracy: 0.9394, Val_Loss: 0.0888, Val_Accuracy: 0.9336
2025-04-02 14:53:56,604 - INFO - Epoch 13/20 - Loss: 0.1523, Accuracy: 0.9372, Val_Loss: 0.0881, Val_Accuracy: 0.9361
2025-04-02 14:54:24,790 - INFO - Epoch 14/20 - Loss: 0.0941, Accuracy: 0.9403, Val_Loss: 0.0881, Val_Accuracy: 0.9333
2025-04-02 14:54:52,494 - INFO - Epoch 15/20 - Loss: 0.0886, Accuracy: 0.9397, Val_Loss: 0.0894, Val_Accuracy: 0.9348
2025-04-02 14:55:19,798 - INFO - Epoch 16/20 - Loss: 0.0850, Accuracy: 0.9391, Val_Loss: 0.0882, Val_Accuracy: 0.9353
2025-04-02 14:55:48,071 - INFO - Epoch 17/20 - Loss: 0.0942, Accuracy: 0.9405, Val_Loss: 0.0893, Val_Accuracy: 0.9333
2025-04-02 14:56:14,667 - INFO - Epoch 18/20 - Loss: 0.0886, Accuracy: 0.9397, Val_Loss: 0.0881, Val_Accuracy: 0.9348
2025-04-02 14:56:15,427 - INFO - Test set
  Loss: 0.093
  Accuracy: 0.933

2025-04-02 14:56:16,064 - INFO - Updated model saved to F:\AFL\javaVulnerability\Achilles\data\java\checkpoints\CWE191_Integer_Underflow.h5
2025-04-02 14:56:18,786 - INFO - Loaded model from F:\AFL\javaVulnerability\Achilles\data\java\checkpoints\CWE197_Numeric_Truncation_Error.h5
2025-04-02 14:56:18,807 - INFO - Recompiled model with loss=binary_crossentropy and metrics=['accuracy']
2025-04-02 14:56:19,042 - INFO - Continuing training F:\AFL\javaVulnerability\Achilles\data\java\checkpoints\CWE197_Numeric_Truncation_Error.h5 for 20 epochs...
2025-04-02 14:56:28,284 - INFO - Epoch 1/20 - Loss: 0.1840, Accuracy: 0.8960, Val_Loss: 0.1687, Val_Accuracy: 0.9045
2025-04-02 14:56:35,760 - INFO - Epoch 2/20 - Loss: 0.1425, Accuracy: 0.9160, Val_Loss: 0.1417, Val_Accuracy: 0.9230
2025-04-02 14:56:43,266 - INFO - Epoch 3/20 - Loss: 0.1262, Accuracy: 0.9183, Val_Loss: 0.1321, Val_Accuracy: 0.9240
2025-04-02 14:56:51,042 - INFO - Epoch 4/20 - Loss: 0.1197, Accuracy: 0.9214, Val_Loss: 0.1190, Val_Accuracy: 0.9281
2025-04-02 14:56:58,669 - INFO - Epoch 5/20 - Loss: 0.1152, Accuracy: 0.9268, Val_Loss: 0.2108, Val_Accuracy: 0.9066
2025-04-02 14:57:06,313 - INFO - Epoch 6/20 - Loss: 0.1154, Accuracy: 0.9260, Val_Loss: 0.1166, Val_Accuracy: 0.9281
2025-04-02 14:57:14,076 - INFO - Epoch 7/20 - Loss: 0.1129, Accuracy: 0.9266, Val_Loss: 0.1167, Val_Accuracy: 0.9240
2025-04-02 14:57:21,758 - INFO - Epoch 8/20 - Loss: 0.1273, Accuracy: 0.9242, Val_Loss: 0.1569, Val_Accuracy: 0.9127
2025-04-02 14:57:29,472 - INFO - Epoch 9/20 - Loss: 0.2146, Accuracy: 0.9227, Val_Loss: 0.1657, Val_Accuracy: 0.9251
2025-04-02 14:57:36,463 - INFO - Epoch 10/20 - Loss: 0.2151, Accuracy: 0.9250, Val_Loss: 0.1553, Val_Accuracy: 0.9117
2025-04-02 14:57:43,468 - INFO - Epoch 11/20 - Loss: 0.1409, Accuracy: 0.9322, Val_Loss: 0.1383, Val_Accuracy: 0.9097
2025-04-02 14:57:43,626 - INFO - Test set
  Loss: 0.121
  Accuracy: 0.911

2025-04-02 14:57:44,381 - INFO - Updated model saved to F:\AFL\javaVulnerability\Achilles\data\java\checkpoints\CWE197_Numeric_Truncation_Error.h5
2025-04-02 14:57:47,382 - INFO - Loaded model from F:\AFL\javaVulnerability\Achilles\data\java\checkpoints\CWE23_Relative_Path_Traversal.h5
2025-04-02 14:57:47,401 - INFO - Recompiled model with loss=binary_crossentropy and metrics=['accuracy']
2025-04-02 14:57:47,560 - INFO - Continuing training F:\AFL\javaVulnerability\Achilles\data\java\checkpoints\CWE23_Relative_Path_Traversal.h5 for 20 epochs...
2025-04-02 14:57:52,552 - INFO - Epoch 1/20 - Loss: 0.4584, Accuracy: 0.7458, Val_Loss: 0.4630, Val_Accuracy: 0.7339
2025-04-02 14:57:55,468 - INFO - Epoch 2/20 - Loss: 0.3875, Accuracy: 0.7781, Val_Loss: 0.4085, Val_Accuracy: 0.7535
2025-04-02 14:57:58,287 - INFO - Epoch 3/20 - Loss: 0.3627, Accuracy: 0.7935, Val_Loss: 0.4274, Val_Accuracy: 0.7507
2025-04-02 14:58:01,168 - INFO - Epoch 4/20 - Loss: 0.3630, Accuracy: 0.7935, Val_Loss: 0.3849, Val_Accuracy: 0.7535
2025-04-02 14:58:04,357 - INFO - Epoch 5/20 - Loss: 0.3504, Accuracy: 0.7992, Val_Loss: 0.3730, Val_Accuracy: 0.7339
2025-04-02 14:58:07,681 - INFO - Epoch 6/20 - Loss: 0.3522, Accuracy: 0.7914, Val_Loss: 0.4715, Val_Accuracy: 0.7423
2025-04-02 14:58:10,846 - INFO - Epoch 7/20 - Loss: 0.3548, Accuracy: 0.7978, Val_Loss: 0.3605, Val_Accuracy: 0.7535
2025-04-02 14:58:13,666 - INFO - Epoch 8/20 - Loss: 0.3432, Accuracy: 0.7928, Val_Loss: 0.3578, Val_Accuracy: 0.7535
2025-04-02 14:58:16,594 - INFO - Epoch 9/20 - Loss: 0.3434, Accuracy: 0.7992, Val_Loss: 0.4350, Val_Accuracy: 0.7535
2025-04-02 14:58:19,356 - INFO - Epoch 10/20 - Loss: 0.3439, Accuracy: 0.7992, Val_Loss: 0.3961, Val_Accuracy: 0.7535
2025-04-02 14:58:22,544 - INFO - Epoch 11/20 - Loss: 0.3452, Accuracy: 0.7999, Val_Loss: 0.3724, Val_Accuracy: 0.7619
2025-04-02 14:58:25,652 - INFO - Epoch 12/20 - Loss: 0.3427, Accuracy: 0.8041, Val_Loss: 0.3894, Val_Accuracy: 0.7591
2025-04-02 14:58:28,787 - INFO - Epoch 13/20 - Loss: 0.3501, Accuracy: 0.7999, Val_Loss: 0.3819, Val_Accuracy: 0.7591
2025-04-02 14:58:28,861 - INFO - Test set
  Loss: 0.342
  Accuracy: 0.768

2025-04-02 14:58:29,731 - INFO - Updated model saved to F:\AFL\javaVulnerability\Achilles\data\java\checkpoints\CWE23_Relative_Path_Traversal.h5
2025-04-02 14:58:33,249 - INFO - Loaded model from F:\AFL\javaVulnerability\Achilles\data\java\checkpoints\CWE319_Cleartext_Tx_Sensitive_Info.h5
2025-04-02 14:58:33,270 - INFO - Recompiled model with loss=binary_crossentropy and metrics=['accuracy']
2025-04-02 14:58:33,420 - INFO - Continuing training F:\AFL\javaVulnerability\Achilles\data\java\checkpoints\CWE319_Cleartext_Tx_Sensitive_Info.h5 for 20 epochs...
2025-04-02 14:58:39,035 - INFO - Epoch 1/20 - Loss: 0.3849, Accuracy: 0.8175, Val_Loss: 0.4842, Val_Accuracy: 0.7914
2025-04-02 14:58:42,135 - INFO - Epoch 2/20 - Loss: 0.3384, Accuracy: 0.8447, Val_Loss: 0.3582, Val_Accuracy: 0.8229
2025-04-02 14:58:44,786 - INFO - Epoch 3/20 - Loss: 0.2809, Accuracy: 0.8561, Val_Loss: 0.2884, Val_Accuracy: 0.8457
2025-04-02 14:58:47,493 - INFO - Epoch 4/20 - Loss: 0.2421, Accuracy: 0.8962, Val_Loss: 0.2752, Val_Accuracy: 0.8829
2025-04-02 14:58:50,352 - INFO - Epoch 5/20 - Loss: 0.2483, Accuracy: 0.8862, Val_Loss: 0.2757, Val_Accuracy: 0.8457
2025-04-02 14:58:53,011 - INFO - Epoch 6/20 - Loss: 0.1963, Accuracy: 0.9120, Val_Loss: 0.3052, Val_Accuracy: 0.8800
2025-04-02 14:58:55,999 - INFO - Epoch 7/20 - Loss: 0.1883, Accuracy: 0.9177, Val_Loss: 0.2363, Val_Accuracy: 0.8914
2025-04-02 14:58:59,081 - INFO - Epoch 8/20 - Loss: 0.1952, Accuracy: 0.9069, Val_Loss: 0.2366, Val_Accuracy: 0.8914
2025-04-02 14:59:02,110 - INFO - Epoch 9/20 - Loss: 0.1860, Accuracy: 0.9162, Val_Loss: 0.2784, Val_Accuracy: 0.8629
2025-04-02 14:59:05,082 - INFO - Epoch 10/20 - Loss: 0.1649, Accuracy: 0.9277, Val_Loss: 0.2302, Val_Accuracy: 0.9000
2025-04-02 14:59:08,080 - INFO - Epoch 11/20 - Loss: 0.1757, Accuracy: 0.9134, Val_Loss: 0.2095, Val_Accuracy: 0.8971
2025-04-02 14:59:11,070 - INFO - Epoch 12/20 - Loss: 0.1803, Accuracy: 0.9098, Val_Loss: 0.2043, Val_Accuracy: 0.8971
2025-04-02 14:59:14,102 - INFO - Epoch 13/20 - Loss: 0.1555, Accuracy: 0.9327, Val_Loss: 0.2463, Val_Accuracy: 0.8971
2025-04-02 14:59:17,072 - INFO - Epoch 14/20 - Loss: 0.1779, Accuracy: 0.9263, Val_Loss: 0.2173, Val_Accuracy: 0.9029
2025-04-02 14:59:20,092 - INFO - Epoch 15/20 - Loss: 0.1709, Accuracy: 0.9320, Val_Loss: 0.2359, Val_Accuracy: 0.9029
2025-04-02 14:59:23,061 - INFO - Epoch 16/20 - Loss: 0.1545, Accuracy: 0.9284, Val_Loss: 0.2146, Val_Accuracy: 0.8800
2025-04-02 14:59:26,019 - INFO - Epoch 17/20 - Loss: 0.1647, Accuracy: 0.9291, Val_Loss: 0.2497, Val_Accuracy: 0.8429
2025-04-02 14:59:26,095 - INFO - Test set
  Loss: 0.143
  Accuracy: 0.928

2025-04-02 14:59:27,073 - INFO - Updated model saved to F:\AFL\javaVulnerability\Achilles\data\java\checkpoints\CWE319_Cleartext_Tx_Sensitive_Info.h5
2025-04-02 14:59:30,906 - INFO - Loaded model from F:\AFL\javaVulnerability\Achilles\data\java\checkpoints\CWE369_Divide_by_Zero.h5
2025-04-02 14:59:30,925 - INFO - Recompiled model with loss=binary_crossentropy and metrics=['accuracy']
2025-04-02 14:59:31,608 - INFO - Continuing training F:\AFL\javaVulnerability\Achilles\data\java\checkpoints\CWE369_Divide_by_Zero.h5 for 20 epochs...
2025-04-02 14:59:53,868 - INFO - Epoch 1/20 - Loss: 0.2236, Accuracy: 0.9019, Val_Loss: 0.2155, Val_Accuracy: 0.8922
2025-04-02 15:00:14,033 - INFO - Epoch 2/20 - Loss: 0.1440, Accuracy: 0.9158, Val_Loss: 0.1359, Val_Accuracy: 0.9168
2025-04-02 15:00:34,433 - INFO - Epoch 3/20 - Loss: 0.1297, Accuracy: 0.9169, Val_Loss: 0.1440, Val_Accuracy: 0.9211
2025-04-02 15:00:55,264 - INFO - Epoch 4/20 - Loss: 0.1186, Accuracy: 0.9262, Val_Loss: 0.1492, Val_Accuracy: 0.9277
2025-04-02 15:01:14,323 - INFO - Epoch 5/20 - Loss: 0.1715, Accuracy: 0.9233, Val_Loss: 0.1129, Val_Accuracy: 0.9253
2025-04-02 15:01:35,166 - INFO - Epoch 6/20 - Loss: 0.1112, Accuracy: 0.9292, Val_Loss: 0.1006, Val_Accuracy: 0.9353
2025-04-02 15:01:56,247 - INFO - Epoch 7/20 - Loss: 0.1082, Accuracy: 0.9325, Val_Loss: 0.1094, Val_Accuracy: 0.9286
2025-04-02 15:02:17,424 - INFO - Epoch 8/20 - Loss: 0.1158, Accuracy: 0.9317, Val_Loss: 0.0943, Val_Accuracy: 0.9376
2025-04-02 15:02:38,355 - INFO - Epoch 9/20 - Loss: 0.1129, Accuracy: 0.9333, Val_Loss: 0.1745, Val_Accuracy: 0.9315
2025-04-02 15:02:59,251 - INFO - Epoch 10/20 - Loss: 0.1076, Accuracy: 0.9345, Val_Loss: 0.2411, Val_Accuracy: 0.8974
2025-04-02 15:03:20,531 - INFO - Epoch 11/20 - Loss: 0.1018, Accuracy: 0.9358, Val_Loss: 0.1081, Val_Accuracy: 0.9376
2025-04-02 15:03:41,855 - INFO - Epoch 12/20 - Loss: 0.1199, Accuracy: 0.9345, Val_Loss: 0.0898, Val_Accuracy: 0.9423
2025-04-02 15:04:02,850 - INFO - Epoch 13/20 - Loss: 0.1140, Accuracy: 0.9353, Val_Loss: 0.0894, Val_Accuracy: 0.9409
2025-04-02 15:04:24,501 - INFO - Epoch 14/20 - Loss: 0.0997, Accuracy: 0.9363, Val_Loss: 0.1678, Val_Accuracy: 0.9102
2025-04-02 15:04:46,505 - INFO - Epoch 15/20 - Loss: 0.1003, Accuracy: 0.9370, Val_Loss: 0.0897, Val_Accuracy: 0.9414
2025-04-02 15:05:07,698 - INFO - Epoch 16/20 - Loss: 0.1028, Accuracy: 0.9340, Val_Loss: 0.0906, Val_Accuracy: 0.9452
2025-04-02 15:05:28,821 - INFO - Epoch 17/20 - Loss: 0.1009, Accuracy: 0.9374, Val_Loss: 0.0884, Val_Accuracy: 0.9452
2025-04-02 15:05:48,504 - INFO - Epoch 18/20 - Loss: 0.1379, Accuracy: 0.9346, Val_Loss: 0.1082, Val_Accuracy: 0.9310
2025-04-02 15:06:07,799 - INFO - Epoch 19/20 - Loss: 0.1025, Accuracy: 0.9379, Val_Loss: 0.0883, Val_Accuracy: 0.9400
2025-04-02 15:06:27,321 - INFO - Epoch 20/20 - Loss: 0.1014, Accuracy: 0.9357, Val_Loss: 0.0882, Val_Accuracy: 0.9376
2025-04-02 15:06:27,639 - INFO - Test set
  Loss: 0.103
  Accuracy: 0.923

2025-04-02 15:06:28,662 - INFO - Updated model saved to F:\AFL\javaVulnerability\Achilles\data\java\checkpoints\CWE369_Divide_by_Zero.h5
2025-04-02 15:06:32,929 - INFO - Loaded model from F:\AFL\javaVulnerability\Achilles\data\java\checkpoints\CWE36_Absolute_Path_Traversal.h5
2025-04-02 15:06:32,949 - INFO - Recompiled model with loss=binary_crossentropy and metrics=['accuracy']
2025-04-02 15:06:33,096 - INFO - Continuing training F:\AFL\javaVulnerability\Achilles\data\java\checkpoints\CWE36_Absolute_Path_Traversal.h5 for 20 epochs...
2025-04-02 15:06:38,766 - INFO - Epoch 1/20 - Loss: 0.5655, Accuracy: 0.6798, Val_Loss: 0.6157, Val_Accuracy: 0.6527
2025-04-02 15:06:41,996 - INFO - Epoch 2/20 - Loss: 0.5330, Accuracy: 0.7072, Val_Loss: 0.5914, Val_Accuracy: 0.6751
2025-04-02 15:06:45,381 - INFO - Epoch 3/20 - Loss: 0.4991, Accuracy: 0.7353, Val_Loss: 0.5737, Val_Accuracy: 0.6807
2025-04-02 15:06:48,739 - INFO - Epoch 4/20 - Loss: 0.4773, Accuracy: 0.7367, Val_Loss: 0.4859, Val_Accuracy: 0.7031
2025-04-02 15:06:52,333 - INFO - Epoch 5/20 - Loss: 0.4441, Accuracy: 0.7458, Val_Loss: 0.5209, Val_Accuracy: 0.7059
2025-04-02 15:06:55,543 - INFO - Epoch 6/20 - Loss: 0.4107, Accuracy: 0.7928, Val_Loss: 0.4469, Val_Accuracy: 0.7507
2025-04-02 15:06:58,762 - INFO - Epoch 7/20 - Loss: 0.3893, Accuracy: 0.7971, Val_Loss: 0.3978, Val_Accuracy: 0.7535
2025-04-02 15:07:02,070 - INFO - Epoch 8/20 - Loss: 0.3630, Accuracy: 0.7985, Val_Loss: 0.3897, Val_Accuracy: 0.7871
2025-04-02 15:07:05,288 - INFO - Epoch 9/20 - Loss: 0.3724, Accuracy: 0.7851, Val_Loss: 0.3931, Val_Accuracy: 0.7563
2025-04-02 15:07:08,593 - INFO - Epoch 10/20 - Loss: 0.3988, Accuracy: 0.7851, Val_Loss: 0.3706, Val_Accuracy: 0.7563
2025-04-02 15:07:11,951 - INFO - Epoch 11/20 - Loss: 0.3507, Accuracy: 0.7985, Val_Loss: 0.3739, Val_Accuracy: 0.7535
2025-04-02 15:07:15,254 - INFO - Epoch 12/20 - Loss: 0.3490, Accuracy: 0.8013, Val_Loss: 0.4006, Val_Accuracy: 0.7283
2025-04-02 15:07:18,605 - INFO - Epoch 13/20 - Loss: 0.3541, Accuracy: 0.7893, Val_Loss: 0.3711, Val_Accuracy: 0.7171
2025-04-02 15:07:21,866 - INFO - Epoch 14/20 - Loss: 0.3477, Accuracy: 0.7928, Val_Loss: 0.3688, Val_Accuracy: 0.7535
2025-04-02 15:07:25,227 - INFO - Epoch 15/20 - Loss: 0.3472, Accuracy: 0.7999, Val_Loss: 0.3620, Val_Accuracy: 0.7619
2025-04-02 15:07:28,550 - INFO - Epoch 16/20 - Loss: 0.3437, Accuracy: 0.8006, Val_Loss: 0.3684, Val_Accuracy: 0.7619
2025-04-02 15:07:31,793 - INFO - Epoch 17/20 - Loss: 0.3442, Accuracy: 0.8034, Val_Loss: 0.3571, Val_Accuracy: 0.7563
2025-04-02 15:07:35,024 - INFO - Epoch 18/20 - Loss: 0.3493, Accuracy: 0.8006, Val_Loss: 0.3618, Val_Accuracy: 0.7563
2025-04-02 15:07:38,353 - INFO - Epoch 19/20 - Loss: 0.3460, Accuracy: 0.7992, Val_Loss: 0.3671, Val_Accuracy: 0.7619
2025-04-02 15:07:41,598 - INFO - Epoch 20/20 - Loss: 0.3433, Accuracy: 0.7999, Val_Loss: 0.3991, Val_Accuracy: 0.7535
2025-04-02 15:07:41,658 - INFO - Test set
  Loss: 0.374
  Accuracy: 0.763

2025-04-02 15:07:42,820 - INFO - Updated model saved to F:\AFL\javaVulnerability\Achilles\data\java\checkpoints\CWE36_Absolute_Path_Traversal.h5
2025-04-02 15:07:47,079 - INFO - Loaded model from F:\AFL\javaVulnerability\Achilles\data\java\checkpoints\CWE400_Resource_Exhaustion.h5
2025-04-02 15:07:47,098 - INFO - Recompiled model with loss=binary_crossentropy and metrics=['accuracy']
2025-04-02 15:07:47,690 - INFO - Continuing training F:\AFL\javaVulnerability\Achilles\data\java\checkpoints\CWE400_Resource_Exhaustion.h5 for 20 epochs...
2025-04-02 15:08:05,601 - INFO - Epoch 1/20 - Loss: 0.2966, Accuracy: 0.8748, Val_Loss: 0.2121, Val_Accuracy: 0.9070
2025-04-02 15:08:20,746 - INFO - Epoch 2/20 - Loss: 0.2055, Accuracy: 0.9023, Val_Loss: 0.2043, Val_Accuracy: 0.8974
2025-04-02 15:08:35,148 - INFO - Epoch 3/20 - Loss: 0.2498, Accuracy: 0.8824, Val_Loss: 0.2347, Val_Accuracy: 0.8902
2025-04-02 15:08:50,080 - INFO - Epoch 4/20 - Loss: 0.1995, Accuracy: 0.9011, Val_Loss: 0.4159, Val_Accuracy: 0.8703
2025-04-02 15:09:05,168 - INFO - Epoch 5/20 - Loss: 0.1688, Accuracy: 0.9074, Val_Loss: 0.1583, Val_Accuracy: 0.9178
2025-04-02 15:09:20,633 - INFO - Epoch 6/20 - Loss: 0.1564, Accuracy: 0.9194, Val_Loss: 0.1715, Val_Accuracy: 0.9178
2025-04-02 15:09:35,822 - INFO - Epoch 7/20 - Loss: 0.1553, Accuracy: 0.9166, Val_Loss: 0.1337, Val_Accuracy: 0.9238
2025-04-02 15:09:51,765 - INFO - Epoch 8/20 - Loss: 0.1478, Accuracy: 0.9226, Val_Loss: 0.1337, Val_Accuracy: 0.9274
2025-04-02 15:10:09,439 - INFO - Epoch 9/20 - Loss: 0.1333, Accuracy: 0.9313, Val_Loss: 0.1723, Val_Accuracy: 0.9196
2025-04-02 15:10:27,131 - INFO - Epoch 10/20 - Loss: 0.1474, Accuracy: 0.9233, Val_Loss: 0.1266, Val_Accuracy: 0.9310
2025-04-02 15:10:45,076 - INFO - Epoch 11/20 - Loss: 0.1377, Accuracy: 0.9247, Val_Loss: 0.1225, Val_Accuracy: 0.9232
2025-04-02 15:11:02,975 - INFO - Epoch 12/20 - Loss: 0.1271, Accuracy: 0.9286, Val_Loss: 0.1253, Val_Accuracy: 0.9274
2025-04-02 15:11:20,915 - INFO - Epoch 13/20 - Loss: 0.1275, Accuracy: 0.9310, Val_Loss: 0.1441, Val_Accuracy: 0.9232
2025-04-02 15:11:38,916 - INFO - Epoch 14/20 - Loss: 0.1480, Accuracy: 0.9181, Val_Loss: 0.1970, Val_Accuracy: 0.8956
2025-04-02 15:11:56,815 - INFO - Epoch 15/20 - Loss: 0.1593, Accuracy: 0.9140, Val_Loss: 0.1352, Val_Accuracy: 0.9286
2025-04-02 15:12:14,762 - INFO - Epoch 16/20 - Loss: 0.1355, Accuracy: 0.9262, Val_Loss: 0.1309, Val_Accuracy: 0.9298
2025-04-02 15:12:15,080 - INFO - Test set
  Loss: 0.124
  Accuracy: 0.932

2025-04-02 15:12:16,453 - INFO - Updated model saved to F:\AFL\javaVulnerability\Achilles\data\java\checkpoints\CWE400_Resource_Exhaustion.h5
2025-04-02 15:12:21,348 - INFO - Loaded model from F:\AFL\javaVulnerability\Achilles\data\java\checkpoints\CWE470_Unsafe_Reflection.h5
2025-04-02 15:12:21,367 - INFO - Recompiled model with loss=binary_crossentropy and metrics=['accuracy']
2025-04-02 15:12:21,459 - INFO - Continuing training F:\AFL\javaVulnerability\Achilles\data\java\checkpoints\CWE470_Unsafe_Reflection.h5 for 20 epochs...
2025-04-02 15:12:28,214 - INFO - Epoch 1/20 - Loss: 0.4757, Accuracy: 0.7521, Val_Loss: 0.3926, Val_Accuracy: 0.8067
2025-04-02 15:12:32,189 - INFO - Epoch 2/20 - Loss: 0.3366, Accuracy: 0.8181, Val_Loss: 0.3051, Val_Accuracy: 0.8347
2025-04-02 15:12:36,163 - INFO - Epoch 3/20 - Loss: 0.2735, Accuracy: 0.8441, Val_Loss: 0.2514, Val_Accuracy: 0.8459
2025-04-02 15:12:40,186 - INFO - Epoch 4/20 - Loss: 0.2491, Accuracy: 0.8652, Val_Loss: 0.2999, Val_Accuracy: 0.8207
2025-04-02 15:12:44,286 - INFO - Epoch 5/20 - Loss: 0.2092, Accuracy: 0.8792, Val_Loss: 0.2708, Val_Accuracy: 0.8263
2025-04-02 15:12:48,278 - INFO - Epoch 6/20 - Loss: 0.1963, Accuracy: 0.8862, Val_Loss: 0.2108, Val_Accuracy: 0.8571
2025-04-02 15:12:52,379 - INFO - Epoch 7/20 - Loss: 0.1811, Accuracy: 0.8989, Val_Loss: 0.4933, Val_Accuracy: 0.8347
2025-04-02 15:12:56,585 - INFO - Epoch 8/20 - Loss: 0.1717, Accuracy: 0.9157, Val_Loss: 0.2650, Val_Accuracy: 0.8515
2025-04-02 15:13:00,656 - INFO - Epoch 9/20 - Loss: 0.1510, Accuracy: 0.9249, Val_Loss: 0.1754, Val_Accuracy: 0.8908
2025-04-02 15:13:04,649 - INFO - Epoch 10/20 - Loss: 0.1487, Accuracy: 0.9277, Val_Loss: 0.1966, Val_Accuracy: 0.8964
2025-04-02 15:13:08,711 - INFO - Epoch 11/20 - Loss: 0.1277, Accuracy: 0.9305, Val_Loss: 0.2541, Val_Accuracy: 0.8992
2025-04-02 15:13:12,746 - INFO - Epoch 12/20 - Loss: 0.1266, Accuracy: 0.9382, Val_Loss: 0.1594, Val_Accuracy: 0.9216
2025-04-02 15:13:16,794 - INFO - Epoch 13/20 - Loss: 0.1168, Accuracy: 0.9403, Val_Loss: 0.1962, Val_Accuracy: 0.9076
2025-04-02 15:13:20,945 - INFO - Epoch 14/20 - Loss: 0.1202, Accuracy: 0.9361, Val_Loss: 0.1722, Val_Accuracy: 0.9300
2025-04-02 15:13:25,182 - INFO - Epoch 15/20 - Loss: 0.1115, Accuracy: 0.9431, Val_Loss: 0.1357, Val_Accuracy: 0.8992
2025-04-02 15:13:29,185 - INFO - Epoch 16/20 - Loss: 0.1073, Accuracy: 0.9459, Val_Loss: 0.1263, Val_Accuracy: 0.9384
2025-04-02 15:13:33,213 - INFO - Epoch 17/20 - Loss: 0.0928, Accuracy: 0.9515, Val_Loss: 0.1359, Val_Accuracy: 0.9076
2025-04-02 15:13:37,346 - INFO - Epoch 18/20 - Loss: 0.0946, Accuracy: 0.9558, Val_Loss: 0.1283, Val_Accuracy: 0.9244
2025-04-02 15:13:41,444 - INFO - Epoch 19/20 - Loss: 0.0816, Accuracy: 0.9607, Val_Loss: 0.1238, Val_Accuracy: 0.9384
2025-04-02 15:13:45,502 - INFO - Epoch 20/20 - Loss: 0.0915, Accuracy: 0.9558, Val_Loss: 0.2142, Val_Accuracy: 0.9160
2025-04-02 15:13:45,585 - INFO - Test set
  Loss: 0.148
  Accuracy: 0.934

2025-04-02 15:13:46,906 - INFO - Updated model saved to F:\AFL\javaVulnerability\Achilles\data\java\checkpoints\CWE470_Unsafe_Reflection.h5
2025-04-02 15:13:52,076 - INFO - Loaded model from F:\AFL\javaVulnerability\Achilles\data\java\checkpoints\CWE601_Open_Redirect.h5
2025-04-02 15:13:52,096 - INFO - Recompiled model with loss=binary_crossentropy and metrics=['accuracy']
2025-04-02 15:13:52,171 - INFO - Continuing training F:\AFL\javaVulnerability\Achilles\data\java\checkpoints\CWE601_Open_Redirect.h5 for 20 epochs...
2025-04-02 15:13:58,268 - INFO - Epoch 1/20 - Loss: 0.5422, Accuracy: 0.7759, Val_Loss: 0.4669, Val_Accuracy: 0.7931
2025-04-02 15:14:01,280 - INFO - Epoch 2/20 - Loss: 0.4345, Accuracy: 0.8132, Val_Loss: 0.5641, Val_Accuracy: 0.7625
2025-04-02 15:14:04,236 - INFO - Epoch 3/20 - Loss: 0.4076, Accuracy: 0.8247, Val_Loss: 0.4751, Val_Accuracy: 0.7663
2025-04-02 15:14:07,105 - INFO - Epoch 4/20 - Loss: 0.3646, Accuracy: 0.8362, Val_Loss: 0.3883, Val_Accuracy: 0.8391
2025-04-02 15:14:10,001 - INFO - Epoch 5/20 - Loss: 0.3376, Accuracy: 0.8544, Val_Loss: 0.3414, Val_Accuracy: 0.8544
2025-04-02 15:14:12,941 - INFO - Epoch 6/20 - Loss: 0.3244, Accuracy: 0.8630, Val_Loss: 0.4037, Val_Accuracy: 0.8008
2025-04-02 15:14:15,863 - INFO - Epoch 7/20 - Loss: 0.2735, Accuracy: 0.8774, Val_Loss: 0.4818, Val_Accuracy: 0.8008
2025-04-02 15:14:18,833 - INFO - Epoch 8/20 - Loss: 0.2695, Accuracy: 0.8774, Val_Loss: 0.2557, Val_Accuracy: 0.8697
2025-04-02 15:14:21,778 - INFO - Epoch 9/20 - Loss: 0.2272, Accuracy: 0.9023, Val_Loss: 0.3283, Val_Accuracy: 0.8391
2025-04-02 15:14:24,791 - INFO - Epoch 10/20 - Loss: 0.2286, Accuracy: 0.9052, Val_Loss: 0.2147, Val_Accuracy: 0.9004
2025-04-02 15:14:27,864 - INFO - Epoch 11/20 - Loss: 0.1781, Accuracy: 0.9157, Val_Loss: 0.1954, Val_Accuracy: 0.9004
2025-04-02 15:14:30,817 - INFO - Epoch 12/20 - Loss: 0.1789, Accuracy: 0.9167, Val_Loss: 0.1908, Val_Accuracy: 0.9119
2025-04-02 15:14:33,731 - INFO - Epoch 13/20 - Loss: 0.1558, Accuracy: 0.9234, Val_Loss: 0.4029, Val_Accuracy: 0.8659
2025-04-02 15:14:36,677 - INFO - Epoch 14/20 - Loss: 0.1593, Accuracy: 0.9454, Val_Loss: 0.2243, Val_Accuracy: 0.8889
2025-04-02 15:14:39,667 - INFO - Epoch 15/20 - Loss: 0.1362, Accuracy: 0.9368, Val_Loss: 0.5408, Val_Accuracy: 0.8314
2025-04-02 15:14:42,618 - INFO - Epoch 16/20 - Loss: 0.1434, Accuracy: 0.9377, Val_Loss: 0.5792, Val_Accuracy: 0.8467
2025-04-02 15:14:45,588 - INFO - Epoch 17/20 - Loss: 0.1374, Accuracy: 0.9540, Val_Loss: 0.1607, Val_Accuracy: 0.9080
2025-04-02 15:14:48,524 - INFO - Epoch 18/20 - Loss: 0.1007, Accuracy: 0.9511, Val_Loss: 0.2983, Val_Accuracy: 0.8889
2025-04-02 15:14:51,481 - INFO - Epoch 19/20 - Loss: 0.1029, Accuracy: 0.9550, Val_Loss: 0.3364, Val_Accuracy: 0.8889
2025-04-02 15:14:54,471 - INFO - Epoch 20/20 - Loss: 0.1516, Accuracy: 0.9464, Val_Loss: 0.1871, Val_Accuracy: 0.8927
2025-04-02 15:14:54,527 - INFO - Test set
  Loss: 0.157
  Accuracy: 0.925

2025-04-02 15:14:56,004 - INFO - Updated model saved to F:\AFL\javaVulnerability\Achilles\data\java\checkpoints\CWE601_Open_Redirect.h5
2025-04-02 15:15:01,494 - INFO - Loaded model from F:\AFL\javaVulnerability\Achilles\data\java\checkpoints\CWE606_Unchecked_Loop_Condition.h5
2025-04-02 15:15:01,514 - INFO - Recompiled model with loss=binary_crossentropy and metrics=['accuracy']
2025-04-02 15:15:01,715 - INFO - Continuing training F:\AFL\javaVulnerability\Achilles\data\java\checkpoints\CWE606_Unchecked_Loop_Condition.h5 for 20 epochs...
2025-04-02 15:15:10,073 - INFO - Epoch 1/20 - Loss: 0.5392, Accuracy: 0.7783, Val_Loss: 0.4301, Val_Accuracy: 0.7850
2025-04-02 15:15:15,073 - INFO - Epoch 2/20 - Loss: 0.4040, Accuracy: 0.8168, Val_Loss: 0.3967, Val_Accuracy: 0.8067
2025-04-02 15:15:20,109 - INFO - Epoch 3/20 - Loss: 0.3543, Accuracy: 0.8316, Val_Loss: 0.3368, Val_Accuracy: 0.8245
2025-04-02 15:15:25,235 - INFO - Epoch 4/20 - Loss: 0.3182, Accuracy: 0.8494, Val_Loss: 0.2943, Val_Accuracy: 0.8501
2025-04-02 15:15:30,560 - INFO - Epoch 5/20 - Loss: 0.2746, Accuracy: 0.8756, Val_Loss: 0.2488, Val_Accuracy: 0.8836
2025-04-02 15:15:35,853 - INFO - Epoch 6/20 - Loss: 0.2547, Accuracy: 0.8869, Val_Loss: 0.3357, Val_Accuracy: 0.8580
2025-04-02 15:15:41,220 - INFO - Epoch 7/20 - Loss: 0.2294, Accuracy: 0.8973, Val_Loss: 0.2549, Val_Accuracy: 0.8718
2025-04-02 15:15:46,322 - INFO - Epoch 8/20 - Loss: 0.2107, Accuracy: 0.9042, Val_Loss: 0.2323, Val_Accuracy: 0.8895
2025-04-02 15:15:51,522 - INFO - Epoch 9/20 - Loss: 0.2073, Accuracy: 0.9131, Val_Loss: 0.2316, Val_Accuracy: 0.8935
2025-04-02 15:15:56,769 - INFO - Epoch 10/20 - Loss: 0.1791, Accuracy: 0.9180, Val_Loss: 0.2261, Val_Accuracy: 0.8856
2025-04-02 15:16:01,987 - INFO - Epoch 11/20 - Loss: 0.1755, Accuracy: 0.9215, Val_Loss: 0.2272, Val_Accuracy: 0.8974
2025-04-02 15:16:07,336 - INFO - Epoch 12/20 - Loss: 0.1866, Accuracy: 0.9156, Val_Loss: 0.1626, Val_Accuracy: 0.9152
2025-04-02 15:16:12,861 - INFO - Epoch 13/20 - Loss: 0.1798, Accuracy: 0.9136, Val_Loss: 0.1490, Val_Accuracy: 0.9231
2025-04-02 15:16:17,629 - INFO - Epoch 14/20 - Loss: 0.1590, Accuracy: 0.9220, Val_Loss: 0.1409, Val_Accuracy: 0.9250
2025-04-02 15:16:22,919 - INFO - Epoch 15/20 - Loss: 0.1473, Accuracy: 0.9279, Val_Loss: 0.2045, Val_Accuracy: 0.9014
2025-04-02 15:16:27,606 - INFO - Epoch 16/20 - Loss: 0.1571, Accuracy: 0.9284, Val_Loss: 0.1406, Val_Accuracy: 0.9369
2025-04-02 15:16:32,705 - INFO - Epoch 17/20 - Loss: 0.1394, Accuracy: 0.9358, Val_Loss: 0.3195, Val_Accuracy: 0.8540
2025-04-02 15:16:37,527 - INFO - Epoch 18/20 - Loss: 0.1464, Accuracy: 0.9269, Val_Loss: 0.1239, Val_Accuracy: 0.9389
2025-04-02 15:16:42,225 - INFO - Epoch 19/20 - Loss: 0.1381, Accuracy: 0.9314, Val_Loss: 0.2053, Val_Accuracy: 0.8856
2025-04-02 15:16:46,797 - INFO - Epoch 20/20 - Loss: 0.1400, Accuracy: 0.9363, Val_Loss: 0.1376, Val_Accuracy: 0.9053
2025-04-02 15:16:46,893 - INFO - Test set
  Loss: 0.160
  Accuracy: 0.908

2025-04-02 15:16:48,586 - INFO - Updated model saved to F:\AFL\javaVulnerability\Achilles\data\java\checkpoints\CWE606_Unchecked_Loop_Condition.h5
2025-04-02 15:16:54,809 - INFO - Loaded model from F:\AFL\javaVulnerability\Achilles\data\java\checkpoints\CWE643_Xpath_Injection.h5
2025-04-02 15:16:54,828 - INFO - Recompiled model with loss=binary_crossentropy and metrics=['accuracy']
2025-04-02 15:16:54,870 - INFO - Continuing training F:\AFL\javaVulnerability\Achilles\data\java\checkpoints\CWE643_Xpath_Injection.h5 for 20 epochs...
2025-04-02 15:16:59,707 - INFO - Epoch 1/20 - Loss: 1.1254, Accuracy: 0.5508, Val_Loss: 0.9120, Val_Accuracy: 0.4684
2025-04-02 15:17:01,336 - INFO - Epoch 2/20 - Loss: 0.7694, Accuracy: 0.6111, Val_Loss: 0.7542, Val_Accuracy: 0.6582
2025-04-02 15:17:03,023 - INFO - Epoch 3/20 - Loss: 0.6485, Accuracy: 0.7159, Val_Loss: 0.6894, Val_Accuracy: 0.6899
2025-04-02 15:17:04,695 - INFO - Epoch 4/20 - Loss: 0.5862, Accuracy: 0.7397, Val_Loss: 0.6364, Val_Accuracy: 0.6899
2025-04-02 15:17:06,369 - INFO - Epoch 5/20 - Loss: 0.5606, Accuracy: 0.7429, Val_Loss: 0.5940, Val_Accuracy: 0.6962
2025-04-02 15:17:08,019 - INFO - Epoch 6/20 - Loss: 0.5435, Accuracy: 0.7413, Val_Loss: 0.6030, Val_Accuracy: 0.6139
2025-04-02 15:17:09,659 - INFO - Epoch 7/20 - Loss: 0.5181, Accuracy: 0.7302, Val_Loss: 0.5442, Val_Accuracy: 0.6962
2025-04-02 15:17:11,426 - INFO - Epoch 8/20 - Loss: 0.5011, Accuracy: 0.7476, Val_Loss: 0.5309, Val_Accuracy: 0.7025
2025-04-02 15:17:13,289 - INFO - Epoch 9/20 - Loss: 0.4833, Accuracy: 0.7587, Val_Loss: 0.5011, Val_Accuracy: 0.7278
2025-04-02 15:17:15,166 - INFO - Epoch 10/20 - Loss: 0.4497, Accuracy: 0.7778, Val_Loss: 0.4682, Val_Accuracy: 0.7658
2025-04-02 15:17:17,016 - INFO - Epoch 11/20 - Loss: 0.3903, Accuracy: 0.8286, Val_Loss: 0.6557, Val_Accuracy: 0.7722
2025-04-02 15:17:18,855 - INFO - Epoch 12/20 - Loss: 0.4372, Accuracy: 0.8175, Val_Loss: 0.3909, Val_Accuracy: 0.7911
2025-04-02 15:17:20,635 - INFO - Epoch 13/20 - Loss: 0.3152, Accuracy: 0.8889, Val_Loss: 0.3742, Val_Accuracy: 0.8101
2025-04-02 15:17:22,397 - INFO - Epoch 14/20 - Loss: 0.3106, Accuracy: 0.8714, Val_Loss: 0.3059, Val_Accuracy: 0.8734
2025-04-02 15:17:24,186 - INFO - Epoch 15/20 - Loss: 0.2072, Accuracy: 0.9492, Val_Loss: 0.3331, Val_Accuracy: 0.8481
2025-04-02 15:17:25,955 - INFO - Epoch 16/20 - Loss: 0.2299, Accuracy: 0.9095, Val_Loss: 0.2512, Val_Accuracy: 0.8924
2025-04-02 15:17:27,745 - INFO - Epoch 17/20 - Loss: 0.1397, Accuracy: 0.9651, Val_Loss: 0.2213, Val_Accuracy: 0.8924
2025-04-02 15:17:29,521 - INFO - Epoch 18/20 - Loss: 0.1610, Accuracy: 0.9413, Val_Loss: 0.1592, Val_Accuracy: 0.9430
2025-04-02 15:17:31,301 - INFO - Epoch 19/20 - Loss: 0.0895, Accuracy: 0.9857, Val_Loss: 0.1549, Val_Accuracy: 0.9304
2025-04-02 15:17:33,099 - INFO - Epoch 20/20 - Loss: 0.0672, Accuracy: 0.9841, Val_Loss: 0.1471, Val_Accuracy: 0.9557
2025-04-02 15:17:33,137 - INFO - Test set
  Loss: 0.177
  Accuracy: 0.932

2025-04-02 15:17:35,093 - INFO - Updated model saved to F:\AFL\javaVulnerability\Achilles\data\java\checkpoints\CWE643_Xpath_Injection.h5
2025-04-02 15:17:41,559 - INFO - Loaded model from F:\AFL\javaVulnerability\Achilles\data\java\checkpoints\CWE789_Uncontrolled_Mem_Alloc.h5
2025-04-02 15:17:41,576 - INFO - Recompiled model with loss=binary_crossentropy and metrics=['accuracy']
2025-04-02 15:17:41,921 - INFO - Continuing training F:\AFL\javaVulnerability\Achilles\data\java\checkpoints\CWE789_Uncontrolled_Mem_Alloc.h5 for 20 epochs...
2025-04-02 15:18:00,477 - INFO - Epoch 1/20 - Loss: 0.2070, Accuracy: 0.8864, Val_Loss: 0.2267, Val_Accuracy: 0.8568
2025-04-02 15:18:15,831 - INFO - Epoch 2/20 - Loss: 0.1596, Accuracy: 0.8992, Val_Loss: 0.1647, Val_Accuracy: 0.8938
2025-04-02 15:18:31,071 - INFO - Epoch 3/20 - Loss: 0.1728, Accuracy: 0.9098, Val_Loss: 0.1535, Val_Accuracy: 0.8961
2025-04-02 15:18:46,460 - INFO - Epoch 4/20 - Loss: 0.1205, Accuracy: 0.9264, Val_Loss: 0.1339, Val_Accuracy: 0.9064
2025-04-02 15:19:02,042 - INFO - Epoch 5/20 - Loss: 0.1464, Accuracy: 0.9274, Val_Loss: 0.1295, Val_Accuracy: 0.9072
2025-04-02 15:19:17,182 - INFO - Epoch 6/20 - Loss: 0.1102, Accuracy: 0.9242, Val_Loss: 0.1257, Val_Accuracy: 0.9095
2025-04-02 15:19:30,726 - INFO - Epoch 7/20 - Loss: 0.1079, Accuracy: 0.9325, Val_Loss: 0.1241, Val_Accuracy: 0.9158
2025-04-02 15:19:45,486 - INFO - Epoch 8/20 - Loss: 0.1075, Accuracy: 0.9289, Val_Loss: 0.1340, Val_Accuracy: 0.9182
2025-04-02 15:20:00,833 - INFO - Epoch 9/20 - Loss: 0.1083, Accuracy: 0.9278, Val_Loss: 0.1220, Val_Accuracy: 0.9158
2025-04-02 15:20:16,024 - INFO - Epoch 10/20 - Loss: 0.1051, Accuracy: 0.9293, Val_Loss: 0.1174, Val_Accuracy: 0.9048
2025-04-02 15:20:31,247 - INFO - Epoch 11/20 - Loss: 0.1085, Accuracy: 0.9293, Val_Loss: 0.1178, Val_Accuracy: 0.9072
2025-04-02 15:20:46,670 - INFO - Epoch 12/20 - Loss: 0.1085, Accuracy: 0.9311, Val_Loss: 0.1173, Val_Accuracy: 0.9142
2025-04-02 15:21:02,081 - INFO - Epoch 13/20 - Loss: 0.1036, Accuracy: 0.9280, Val_Loss: 0.1209, Val_Accuracy: 0.9079
2025-04-02 15:21:17,365 - INFO - Epoch 14/20 - Loss: 0.1051, Accuracy: 0.9323, Val_Loss: 0.1172, Val_Accuracy: 0.9079
2025-04-02 15:21:32,598 - INFO - Epoch 15/20 - Loss: 0.1068, Accuracy: 0.9303, Val_Loss: 0.1168, Val_Accuracy: 0.9079
2025-04-02 15:21:47,997 - INFO - Epoch 16/20 - Loss: 0.1029, Accuracy: 0.9325, Val_Loss: 0.1181, Val_Accuracy: 0.9174
2025-04-02 15:22:03,291 - INFO - Epoch 17/20 - Loss: 0.1047, Accuracy: 0.9264, Val_Loss: 0.1178, Val_Accuracy: 0.9072
2025-04-02 15:22:18,742 - INFO - Epoch 18/20 - Loss: 0.1039, Accuracy: 0.9283, Val_Loss: 0.1183, Val_Accuracy: 0.9072
2025-04-02 15:22:34,049 - INFO - Epoch 19/20 - Loss: 0.1025, Accuracy: 0.9317, Val_Loss: 0.1216, Val_Accuracy: 0.9040
2025-04-02 15:22:49,558 - INFO - Epoch 20/20 - Loss: 0.1040, Accuracy: 0.9280, Val_Loss: 0.1198, Val_Accuracy: 0.9127
2025-04-02 15:22:49,826 - INFO - Test set
  Loss: 0.138
  Accuracy: 0.898

2025-04-02 15:22:51,645 - INFO - Updated model saved to F:\AFL\javaVulnerability\Achilles\data\java\checkpoints\CWE789_Uncontrolled_Mem_Alloc.h5
2025-04-02 15:22:57,946 - INFO - Loaded model from F:\AFL\javaVulnerability\Achilles\data\java\checkpoints\CWE78_OS_Command_Injection.h5
2025-04-02 15:22:57,968 - INFO - Recompiled model with loss=binary_crossentropy and metrics=['accuracy']
2025-04-02 15:22:58,072 - INFO - Continuing training F:\AFL\javaVulnerability\Achilles\data\java\checkpoints\CWE78_OS_Command_Injection.h5 for 20 epochs...
2025-04-02 15:23:05,934 - INFO - Epoch 1/20 - Loss: 0.5056, Accuracy: 0.7605, Val_Loss: 1.0869, Val_Accuracy: 0.7255
2025-04-02 15:23:10,312 - INFO - Epoch 2/20 - Loss: 0.4115, Accuracy: 0.8272, Val_Loss: 0.5054, Val_Accuracy: 0.7143
2025-04-02 15:23:14,742 - INFO - Epoch 3/20 - Loss: 0.3316, Accuracy: 0.8371, Val_Loss: 0.6633, Val_Accuracy: 0.6695
2025-04-02 15:23:19,176 - INFO - Epoch 4/20 - Loss: 0.2961, Accuracy: 0.8546, Val_Loss: 0.4152, Val_Accuracy: 0.8543
2025-04-02 15:23:23,715 - INFO - Epoch 5/20 - Loss: 0.2664, Accuracy: 0.8813, Val_Loss: 0.6332, Val_Accuracy: 0.8207
2025-04-02 15:23:28,135 - INFO - Epoch 6/20 - Loss: 0.2578, Accuracy: 0.8890, Val_Loss: 0.4838, Val_Accuracy: 0.8319
2025-04-02 15:23:32,674 - INFO - Epoch 7/20 - Loss: 0.2084, Accuracy: 0.9157, Val_Loss: 0.2198, Val_Accuracy: 0.9020
2025-04-02 15:23:37,316 - INFO - Epoch 8/20 - Loss: 0.1969, Accuracy: 0.9115, Val_Loss: 0.2856, Val_Accuracy: 0.8824
2025-04-02 15:23:41,963 - INFO - Epoch 9/20 - Loss: 0.1752, Accuracy: 0.9242, Val_Loss: 0.3301, Val_Accuracy: 0.8739
2025-04-02 15:23:46,465 - INFO - Epoch 10/20 - Loss: 0.1638, Accuracy: 0.9256, Val_Loss: 0.1958, Val_Accuracy: 0.9300
2025-04-02 15:23:51,084 - INFO - Epoch 11/20 - Loss: 0.1679, Accuracy: 0.9291, Val_Loss: 0.2508, Val_Accuracy: 0.9132
2025-04-02 15:23:55,893 - INFO - Epoch 12/20 - Loss: 0.1325, Accuracy: 0.9410, Val_Loss: 0.4372, Val_Accuracy: 0.8880
2025-04-02 15:24:00,524 - INFO - Epoch 13/20 - Loss: 0.1583, Accuracy: 0.9284, Val_Loss: 0.1786, Val_Accuracy: 0.9188
2025-04-02 15:24:04,798 - INFO - Epoch 14/20 - Loss: 0.1323, Accuracy: 0.9354, Val_Loss: 0.3249, Val_Accuracy: 0.9020
2025-04-02 15:24:09,190 - INFO - Epoch 15/20 - Loss: 0.1369, Accuracy: 0.9333, Val_Loss: 0.6238, Val_Accuracy: 0.8599
2025-04-02 15:24:13,833 - INFO - Epoch 16/20 - Loss: 0.1377, Accuracy: 0.9361, Val_Loss: 0.4260, Val_Accuracy: 0.8992
2025-04-02 15:24:18,656 - INFO - Epoch 17/20 - Loss: 0.1383, Accuracy: 0.9417, Val_Loss: 0.1780, Val_Accuracy: 0.9048
2025-04-02 15:24:23,422 - INFO - Epoch 18/20 - Loss: 0.1190, Accuracy: 0.9487, Val_Loss: 0.1433, Val_Accuracy: 0.9132
2025-04-02 15:24:28,113 - INFO - Epoch 19/20 - Loss: 0.1284, Accuracy: 0.9544, Val_Loss: 0.1321, Val_Accuracy: 0.9160
2025-04-02 15:24:32,708 - INFO - Epoch 20/20 - Loss: 0.1079, Accuracy: 0.9501, Val_Loss: 0.1313, Val_Accuracy: 0.9216
2025-04-02 15:24:32,800 - INFO - Test set
  Loss: 0.065
  Accuracy: 0.960

2025-04-02 15:24:34,894 - INFO - Updated model saved to F:\AFL\javaVulnerability\Achilles\data\java\checkpoints\CWE78_OS_Command_Injection.h5
2025-04-02 15:24:42,168 - INFO - Loaded model from F:\AFL\javaVulnerability\Achilles\data\java\checkpoints\CWE80_XSS.h5
2025-04-02 15:24:42,191 - INFO - Recompiled model with loss=binary_crossentropy and metrics=['accuracy']
2025-04-02 15:24:42,345 - INFO - Continuing training F:\AFL\javaVulnerability\Achilles\data\java\checkpoints\CWE80_XSS.h5 for 20 epochs...
2025-04-02 15:24:52,380 - INFO - Epoch 1/20 - Loss: 0.4027, Accuracy: 0.8194, Val_Loss: 0.3132, Val_Accuracy: 0.8547
2025-04-02 15:24:58,869 - INFO - Epoch 2/20 - Loss: 0.2759, Accuracy: 0.8836, Val_Loss: 0.3088, Val_Accuracy: 0.8834
2025-04-02 15:25:05,193 - INFO - Epoch 3/20 - Loss: 0.2196, Accuracy: 0.9028, Val_Loss: 0.2507, Val_Accuracy: 0.9101
2025-04-02 15:25:11,743 - INFO - Epoch 4/20 - Loss: 0.1902, Accuracy: 0.9104, Val_Loss: 0.1861, Val_Accuracy: 0.9159
2025-04-02 15:25:17,834 - INFO - Epoch 5/20 - Loss: 0.1673, Accuracy: 0.9186, Val_Loss: 0.1487, Val_Accuracy: 0.9197
2025-04-02 15:25:23,857 - INFO - Epoch 6/20 - Loss: 0.1607, Accuracy: 0.9191, Val_Loss: 0.1642, Val_Accuracy: 0.9235
2025-04-02 15:25:30,473 - INFO - Epoch 7/20 - Loss: 0.1615, Accuracy: 0.9186, Val_Loss: 0.1372, Val_Accuracy: 0.9235
2025-04-02 15:25:36,968 - INFO - Epoch 8/20 - Loss: 0.1438, Accuracy: 0.9272, Val_Loss: 0.1459, Val_Accuracy: 0.9120
2025-04-02 15:25:43,465 - INFO - Epoch 9/20 - Loss: 0.1217, Accuracy: 0.9282, Val_Loss: 0.1633, Val_Accuracy: 0.9159
2025-04-02 15:25:49,918 - INFO - Epoch 10/20 - Loss: 0.1210, Accuracy: 0.9306, Val_Loss: 0.1431, Val_Accuracy: 0.9044
2025-04-02 15:25:56,025 - INFO - Epoch 11/20 - Loss: 0.1139, Accuracy: 0.9330, Val_Loss: 0.1374, Val_Accuracy: 0.8987
2025-04-02 15:26:01,937 - INFO - Epoch 12/20 - Loss: 0.1072, Accuracy: 0.9430, Val_Loss: 0.1488, Val_Accuracy: 0.9235
2025-04-02 15:26:02,059 - INFO - Test set
  Loss: 0.164
  Accuracy: 0.900

2025-04-02 15:26:03,997 - INFO - Updated model saved to F:\AFL\javaVulnerability\Achilles\data\java\checkpoints\CWE80_XSS.h5
2025-04-02 15:26:10,922 - INFO - Loaded model from F:\AFL\javaVulnerability\Achilles\data\java\checkpoints\CWE81_XSS_Error_Message.h5
2025-04-02 15:26:10,942 - INFO - Recompiled model with loss=binary_crossentropy and metrics=['accuracy']
2025-04-02 15:26:11,027 - INFO - Continuing training F:\AFL\javaVulnerability\Achilles\data\java\checkpoints\CWE81_XSS_Error_Message.h5 for 20 epochs...
2025-04-02 15:26:17,905 - INFO - Epoch 1/20 - Loss: 0.4129, Accuracy: 0.8132, Val_Loss: 0.3143, Val_Accuracy: 0.8544
2025-04-02 15:26:21,065 - INFO - Epoch 2/20 - Loss: 0.3008, Accuracy: 0.8611, Val_Loss: 0.3034, Val_Accuracy: 0.8966
2025-04-02 15:26:24,367 - INFO - Epoch 3/20 - Loss: 0.2707, Accuracy: 0.8831, Val_Loss: 0.2394, Val_Accuracy: 0.8697
2025-04-02 15:26:27,587 - INFO - Epoch 4/20 - Loss: 0.2234, Accuracy: 0.9119, Val_Loss: 0.6054, Val_Accuracy: 0.8046
2025-04-02 15:26:30,942 - INFO - Epoch 5/20 - Loss: 0.2535, Accuracy: 0.8927, Val_Loss: 0.3584, Val_Accuracy: 0.8506
2025-04-02 15:26:34,354 - INFO - Epoch 6/20 - Loss: 0.2047, Accuracy: 0.9052, Val_Loss: 0.2551, Val_Accuracy: 0.8659
2025-04-02 15:26:37,386 - INFO - Epoch 7/20 - Loss: 0.1994, Accuracy: 0.9128, Val_Loss: 0.1900, Val_Accuracy: 0.9042
2025-04-02 15:26:40,323 - INFO - Epoch 8/20 - Loss: 0.1811, Accuracy: 0.9195, Val_Loss: 0.2336, Val_Accuracy: 0.8812
2025-04-02 15:26:43,208 - INFO - Epoch 9/20 - Loss: 0.1548, Accuracy: 0.9282, Val_Loss: 0.7503, Val_Accuracy: 0.8276
2025-04-02 15:26:46,167 - INFO - Epoch 10/20 - Loss: 0.1915, Accuracy: 0.9253, Val_Loss: 0.2203, Val_Accuracy: 0.8851
2025-04-02 15:26:49,180 - INFO - Epoch 11/20 - Loss: 0.1403, Accuracy: 0.9320, Val_Loss: 0.2976, Val_Accuracy: 0.8697
2025-04-02 15:26:52,145 - INFO - Epoch 12/20 - Loss: 0.1356, Accuracy: 0.9406, Val_Loss: 0.2204, Val_Accuracy: 0.8889
2025-04-02 15:26:52,206 - INFO - Test set
  Loss: 0.292
  Accuracy: 0.842

2025-04-02 15:26:54,388 - INFO - Updated model saved to F:\AFL\javaVulnerability\Achilles\data\java\checkpoints\CWE81_XSS_Error_Message.h5
2025-04-02 15:27:01,852 - INFO - Loaded model from F:\AFL\javaVulnerability\Achilles\data\java\checkpoints\CWE83_XSS_Attribute.h5
2025-04-02 15:27:01,872 - INFO - Recompiled model with loss=binary_crossentropy and metrics=['accuracy']
2025-04-02 15:27:01,953 - INFO - Continuing training F:\AFL\javaVulnerability\Achilles\data\java\checkpoints\CWE83_XSS_Attribute.h5 for 20 epochs...
2025-04-02 15:27:09,336 - INFO - Epoch 1/20 - Loss: 0.5032, Accuracy: 0.7653, Val_Loss: 0.4636, Val_Accuracy: 0.7854
2025-04-02 15:27:12,588 - INFO - Epoch 2/20 - Loss: 0.4257, Accuracy: 0.8103, Val_Loss: 0.4289, Val_Accuracy: 0.8046
2025-04-02 15:27:15,956 - INFO - Epoch 3/20 - Loss: 0.3716, Accuracy: 0.8352, Val_Loss: 0.4789, Val_Accuracy: 0.7739
2025-04-02 15:27:19,119 - INFO - Epoch 4/20 - Loss: 0.3408, Accuracy: 0.8410, Val_Loss: 0.8339, Val_Accuracy: 0.7625
2025-04-02 15:27:22,052 - INFO - Epoch 5/20 - Loss: 0.3575, Accuracy: 0.8477, Val_Loss: 0.2811, Val_Accuracy: 0.8812
2025-04-02 15:27:24,900 - INFO - Epoch 6/20 - Loss: 0.2665, Accuracy: 0.8860, Val_Loss: 0.5093, Val_Accuracy: 0.8199
2025-04-02 15:27:27,785 - INFO - Epoch 7/20 - Loss: 0.2727, Accuracy: 0.8841, Val_Loss: 0.2079, Val_Accuracy: 0.8889
2025-04-02 15:27:31,109 - INFO - Epoch 8/20 - Loss: 0.1937, Accuracy: 0.9100, Val_Loss: 0.4142, Val_Accuracy: 0.8161
2025-04-02 15:27:34,218 - INFO - Epoch 9/20 - Loss: 0.1916, Accuracy: 0.9176, Val_Loss: 0.1951, Val_Accuracy: 0.9004
2025-04-02 15:27:36,969 - INFO - Epoch 10/20 - Loss: 0.1512, Accuracy: 0.9301, Val_Loss: 0.1678, Val_Accuracy: 0.9080
2025-04-02 15:27:39,796 - INFO - Epoch 11/20 - Loss: 0.1410, Accuracy: 0.9301, Val_Loss: 0.2056, Val_Accuracy: 0.8966
2025-04-02 15:27:42,580 - INFO - Epoch 12/20 - Loss: 0.1224, Accuracy: 0.9425, Val_Loss: 0.1955, Val_Accuracy: 0.9042
2025-04-02 15:27:45,325 - INFO - Epoch 13/20 - Loss: 0.0856, Accuracy: 0.9693, Val_Loss: 0.2606, Val_Accuracy: 0.8851
2025-04-02 15:27:48,055 - INFO - Epoch 14/20 - Loss: 0.0780, Accuracy: 0.9665, Val_Loss: 0.2163, Val_Accuracy: 0.9042
2025-04-02 15:27:50,842 - INFO - Epoch 15/20 - Loss: 0.1889, Accuracy: 0.9473, Val_Loss: 0.2282, Val_Accuracy: 0.9042
2025-04-02 15:27:50,900 - INFO - Test set
  Loss: 0.249
  Accuracy: 0.877

2025-04-02 15:27:53,174 - INFO - Updated model saved to F:\AFL\javaVulnerability\Achilles\data\java\checkpoints\CWE83_XSS_Attribute.h5
2025-04-02 15:28:00,901 - INFO - Loaded model from F:\AFL\javaVulnerability\Achilles\data\java\checkpoints\CWE89_SQL_Injection.h5
2025-04-02 15:28:00,923 - INFO - Recompiled model with loss=binary_crossentropy and metrics=['accuracy']
2025-04-02 15:28:02,102 - INFO - Continuing training F:\AFL\javaVulnerability\Achilles\data\java\checkpoints\CWE89_SQL_Injection.h5 for 20 epochs...
2025-04-02 15:28:34,807 - INFO - Epoch 1/20 - Loss: 0.4214, Accuracy: 0.7894, Val_Loss: 0.3789, Val_Accuracy: 0.8527
2025-04-02 15:29:03,977 - INFO - Epoch 2/20 - Loss: 0.2762, Accuracy: 0.8824, Val_Loss: 0.2625, Val_Accuracy: 0.9088
2025-04-02 15:29:34,007 - INFO - Epoch 3/20 - Loss: 0.2211, Accuracy: 0.9149, Val_Loss: 0.1977, Val_Accuracy: 0.9254
2025-04-02 15:30:04,058 - INFO - Epoch 4/20 - Loss: 0.1794, Accuracy: 0.9218, Val_Loss: 0.1881, Val_Accuracy: 0.9285
2025-04-02 15:30:34,468 - INFO - Epoch 5/20 - Loss: 0.1811, Accuracy: 0.9219, Val_Loss: 0.1699, Val_Accuracy: 0.9274
2025-04-02 15:31:04,629 - INFO - Epoch 6/20 - Loss: 0.1637, Accuracy: 0.9249, Val_Loss: 0.3674, Val_Accuracy: 0.8808
2025-04-02 15:31:34,824 - INFO - Epoch 7/20 - Loss: 0.1690, Accuracy: 0.9234, Val_Loss: 0.1646, Val_Accuracy: 0.9274
2025-04-02 15:32:04,244 - INFO - Epoch 8/20 - Loss: 0.1622, Accuracy: 0.9248, Val_Loss: 0.1733, Val_Accuracy: 0.9203
2025-04-02 15:32:32,123 - INFO - Epoch 9/20 - Loss: 0.1627, Accuracy: 0.9249, Val_Loss: 0.1705, Val_Accuracy: 0.9274
2025-04-02 15:32:59,964 - INFO - Epoch 10/20 - Loss: 0.2079, Accuracy: 0.9130, Val_Loss: 0.2206, Val_Accuracy: 0.9104
2025-04-02 15:33:26,939 - INFO - Epoch 11/20 - Loss: 0.1781, Accuracy: 0.9130, Val_Loss: 0.1723, Val_Accuracy: 0.9112
2025-04-02 15:33:53,610 - INFO - Epoch 12/20 - Loss: 0.1681, Accuracy: 0.9243, Val_Loss: 0.1629, Val_Accuracy: 0.9278
2025-04-02 15:34:20,405 - INFO - Epoch 13/20 - Loss: 0.1652, Accuracy: 0.9252, Val_Loss: 0.1677, Val_Accuracy: 0.9301
2025-04-02 15:34:47,213 - INFO - Epoch 14/20 - Loss: 0.1681, Accuracy: 0.9262, Val_Loss: 0.2087, Val_Accuracy: 0.9210
2025-04-02 15:35:14,300 - INFO - Epoch 15/20 - Loss: 0.1935, Accuracy: 0.9202, Val_Loss: 0.1698, Val_Accuracy: 0.9281
2025-04-02 15:35:41,369 - INFO - Epoch 16/20 - Loss: 0.1732, Accuracy: 0.9252, Val_Loss: 0.1707, Val_Accuracy: 0.9274
2025-04-02 15:36:08,392 - INFO - Epoch 17/20 - Loss: 0.1620, Accuracy: 0.9253, Val_Loss: 0.1649, Val_Accuracy: 0.9285
2025-04-02 15:36:08,816 - INFO - Test set
  Loss: 0.146
  Accuracy: 0.935

2025-04-02 15:36:11,004 - INFO - Updated model saved to F:\AFL\javaVulnerability\Achilles\data\java\checkpoints\CWE89_SQL_Injection.h5
2025-04-02 15:36:18,718 - INFO - Loaded model from F:\AFL\javaVulnerability\Achilles\data\java\checkpoints\CWE90_LDAP_Injection.h5
2025-04-02 15:36:18,738 - INFO - Recompiled model with loss=binary_crossentropy and metrics=['accuracy']
2025-04-02 15:36:18,767 - INFO - Continuing training F:\AFL\javaVulnerability\Achilles\data\java\checkpoints\CWE90_LDAP_Injection.h5 for 20 epochs...
2025-04-02 15:36:24,153 - INFO - Epoch 1/20 - Loss: 0.7493, Accuracy: 0.6391, Val_Loss: 0.5116, Val_Accuracy: 0.7217
2025-04-02 15:36:25,465 - INFO - Epoch 2/20 - Loss: 0.5284, Accuracy: 0.7239, Val_Loss: 0.4321, Val_Accuracy: 0.8087
2025-04-02 15:36:26,768 - INFO - Epoch 3/20 - Loss: 0.4792, Accuracy: 0.7543, Val_Loss: 0.4210, Val_Accuracy: 0.8174
2025-04-02 15:36:28,084 - INFO - Epoch 4/20 - Loss: 0.4421, Accuracy: 0.7826, Val_Loss: 0.3421, Val_Accuracy: 0.8522
2025-04-02 15:36:29,406 - INFO - Epoch 5/20 - Loss: 0.3728, Accuracy: 0.8304, Val_Loss: 0.3159, Val_Accuracy: 0.8609
2025-04-02 15:36:30,691 - INFO - Epoch 6/20 - Loss: 0.3554, Accuracy: 0.8304, Val_Loss: 0.3094, Val_Accuracy: 0.8522
2025-04-02 15:36:31,989 - INFO - Epoch 7/20 - Loss: 0.4058, Accuracy: 0.7804, Val_Loss: 0.2611, Val_Accuracy: 0.8957
2025-04-02 15:36:33,277 - INFO - Epoch 8/20 - Loss: 0.2775, Accuracy: 0.8630, Val_Loss: 0.2255, Val_Accuracy: 0.9130
2025-04-02 15:36:34,575 - INFO - Epoch 9/20 - Loss: 0.2364, Accuracy: 0.8978, Val_Loss: 0.3145, Val_Accuracy: 0.8522
2025-04-02 15:36:35,876 - INFO - Epoch 10/20 - Loss: 0.2709, Accuracy: 0.8696, Val_Loss: 0.1936, Val_Accuracy: 0.9217
2025-04-02 15:36:37,168 - INFO - Epoch 11/20 - Loss: 0.2033, Accuracy: 0.9065, Val_Loss: 0.2098, Val_Accuracy: 0.9043
2025-04-02 15:36:38,488 - INFO - Epoch 12/20 - Loss: 0.1694, Accuracy: 0.9283, Val_Loss: 0.1358, Val_Accuracy: 0.9217
2025-04-02 15:36:39,793 - INFO - Epoch 13/20 - Loss: 0.1955, Accuracy: 0.9174, Val_Loss: 0.1245, Val_Accuracy: 0.9217
2025-04-02 15:36:41,100 - INFO - Epoch 14/20 - Loss: 0.1564, Accuracy: 0.9348, Val_Loss: 0.1172, Val_Accuracy: 0.9565
2025-04-02 15:36:42,403 - INFO - Epoch 15/20 - Loss: 0.0884, Accuracy: 0.9848, Val_Loss: 0.1050, Val_Accuracy: 0.9391
2025-04-02 15:36:43,712 - INFO - Epoch 16/20 - Loss: 0.0816, Accuracy: 0.9739, Val_Loss: 0.1269, Val_Accuracy: 0.9391
2025-04-02 15:36:45,033 - INFO - Epoch 17/20 - Loss: 0.0856, Accuracy: 0.9587, Val_Loss: 0.0723, Val_Accuracy: 0.9739
2025-04-02 15:36:46,311 - INFO - Epoch 18/20 - Loss: 0.0743, Accuracy: 0.9739, Val_Loss: 0.0832, Val_Accuracy: 0.9478
2025-04-02 15:36:47,595 - INFO - Epoch 19/20 - Loss: 0.0368, Accuracy: 1.0000, Val_Loss: 0.0472, Val_Accuracy: 1.0000
2025-04-02 15:36:48,885 - INFO - Epoch 20/20 - Loss: 0.0256, Accuracy: 1.0000, Val_Loss: 0.0394, Val_Accuracy: 1.0000
2025-04-02 15:36:48,917 - INFO - Test set
  Loss: 0.039
  Accuracy: 1.000

2025-04-02 15:36:51,207 - INFO - Updated model saved to F:\AFL\javaVulnerability\Achilles\data\java\checkpoints\CWE90_LDAP_Injection.h5
